{"/Users/jeremo/Documents/Formation OC/Projet 9/qwerew/Billed-app-FR-Front/src/constants/routes.js": {"path":"/Users/jeremo/Documents/Formation OC/Projet 9/qwerew/Billed-app-FR-Front/src/constants/routes.js","statementMap":{"0":{"start":{"line":6,"column":27},"end":{"line":11,"column":1}},"1":{"start":{"line":13,"column":22},"end":{"line":26,"column":1}},"2":{"start":{"line":14,"column":2},"end":{"line":25,"column":3}},"3":{"start":{"line":16,"column":6},"end":{"line":16,"column":46}},"4":{"start":{"line":18,"column":6},"end":{"line":18,"column":46}},"5":{"start":{"line":20,"column":6},"end":{"line":20,"column":24}},"6":{"start":{"line":22,"column":6},"end":{"line":22,"column":50}},"7":{"start":{"line":24,"column":6},"end":{"line":24,"column":46}}},"fnMap":{"0":{"name":"(anonymous_0)","decl":{"start":{"line":13,"column":22},"end":{"line":13,"column":23}},"loc":{"start":{"line":13,"column":62},"end":{"line":26,"column":1}},"line":13}},"branchMap":{"0":{"loc":{"start":{"line":14,"column":2},"end":{"line":25,"column":3}},"type":"switch","locations":[{"start":{"line":15,"column":4},"end":{"line":16,"column":46}},{"start":{"line":17,"column":4},"end":{"line":18,"column":46}},{"start":{"line":19,"column":4},"end":{"line":20,"column":24}},{"start":{"line":21,"column":4},"end":{"line":22,"column":50}},{"start":{"line":23,"column":4},"end":{"line":24,"column":46}}],"line":14}},"s":{"0":6,"1":6,"2":27,"3":7,"4":5,"5":2,"6":12,"7":1},"f":{"0":27},"b":{"0":[7,5,2,12,1]},"_coverageSchema":"1a1c01bbd47fc00a2c39e90264f33305004495a9","hash":"e079139d1adbcb66c7cf224d116275c7fc33a364"}
,"/Users/jeremo/Documents/Formation OC/Projet 9/qwerew/Billed-app-FR-Front/src/constants/usersTest.js": {"path":"/Users/jeremo/Documents/Formation OC/Projet 9/qwerew/Billed-app-FR-Front/src/constants/usersTest.js","statementMap":{},"fnMap":{},"branchMap":{},"s":{},"f":{},"b":{},"_coverageSchema":"1a1c01bbd47fc00a2c39e90264f33305004495a9","hash":"7daa498e6b880c0e2ec6c9f623b457ad7302ec14"}
,"/Users/jeremo/Documents/Formation OC/Projet 9/qwerew/Billed-app-FR-Front/src/containers/Bills.js": {"path":"/Users/jeremo/Documents/Formation OC/Projet 9/qwerew/Billed-app-FR-Front/src/containers/Bills.js","statementMap":{"0":{"start":{"line":7,"column":4},"end":{"line":7,"column":28}},"1":{"start":{"line":8,"column":4},"end":{"line":8,"column":32}},"2":{"start":{"line":9,"column":4},"end":{"line":9,"column":22}},"3":{"start":{"line":10,"column":26},"end":{"line":10,"column":86}},"4":{"start":{"line":11,"column":4},"end":{"line":11,"column":87}},"5":{"start":{"line":11,"column":23},"end":{"line":11,"column":87}},"6":{"start":{"line":12,"column":20},"end":{"line":12,"column":76}},"7":{"start":{"line":13,"column":4},"end":{"line":15,"column":6}},"8":{"start":{"line":13,"column":17},"end":{"line":15,"column":6}},"9":{"start":{"line":14,"column":6},"end":{"line":14,"column":73}},"10":{"start":{"line":14,"column":43},"end":{"line":14,"column":72}},"11":{"start":{"line":16,"column":4},"end":{"line":16,"column":54}},"12":{"start":{"line":19,"column":23},"end":{"line":21,"column":3}},"13":{"start":{"line":20,"column":4},"end":{"line":20,"column":43}},"14":{"start":{"line":23,"column":23},"end":{"line":28,"column":3}},"15":{"start":{"line":24,"column":20},"end":{"line":24,"column":54}},"16":{"start":{"line":25,"column":21},"end":{"line":25,"column":63}},"17":{"start":{"line":26,"column":4},"end":{"line":26,"column":168}},"18":{"start":{"line":27,"column":4},"end":{"line":27,"column":34}},"19":{"start":{"line":30,"column":12},"end":{"line":58,"column":3}},"20":{"start":{"line":31,"column":4},"end":{"line":57,"column":5}},"21":{"start":{"line":32,"column":6},"end":{"line":56,"column":8}},"22":{"start":{"line":36,"column":22},"end":{"line":54,"column":12}},"23":{"start":{"line":38,"column":12},"end":{"line":53,"column":13}},"24":{"start":{"line":39,"column":14},"end":{"line":43,"column":15}},"25":{"start":{"line":47,"column":14},"end":{"line":47,"column":38}},"26":{"start":{"line":48,"column":14},"end":{"line":52,"column":15}},"27":{"start":{"line":55,"column":8},"end":{"line":55,"column":20}}},"fnMap":{"0":{"name":"(anonymous_0)","decl":{"start":{"line":6,"column":2},"end":{"line":6,"column":3}},"loc":{"start":{"line":6,"column":61},"end":{"line":17,"column":3}},"line":6},"1":{"name":"(anonymous_1)","decl":{"start":{"line":13,"column":33},"end":{"line":13,"column":34}},"loc":{"start":{"line":13,"column":41},"end":{"line":15,"column":5}},"line":13},"2":{"name":"(anonymous_2)","decl":{"start":{"line":14,"column":37},"end":{"line":14,"column":38}},"loc":{"start":{"line":14,"column":43},"end":{"line":14,"column":72}},"line":14},"3":{"name":"(anonymous_3)","decl":{"start":{"line":19,"column":23},"end":{"line":19,"column":24}},"loc":{"start":{"line":19,"column":29},"end":{"line":21,"column":3}},"line":19},"4":{"name":"(anonymous_4)","decl":{"start":{"line":23,"column":23},"end":{"line":23,"column":24}},"loc":{"start":{"line":23,"column":33},"end":{"line":28,"column":3}},"line":23},"5":{"name":"(anonymous_5)","decl":{"start":{"line":30,"column":12},"end":{"line":30,"column":13}},"loc":{"start":{"line":30,"column":18},"end":{"line":58,"column":3}},"line":30},"6":{"name":"(anonymous_6)","decl":{"start":{"line":35,"column":12},"end":{"line":35,"column":13}},"loc":{"start":{"line":35,"column":24},"end":{"line":56,"column":7}},"line":35},"7":{"name":"(anonymous_7)","decl":{"start":{"line":37,"column":15},"end":{"line":37,"column":16}},"loc":{"start":{"line":37,"column":22},"end":{"line":54,"column":11}},"line":37}},"branchMap":{"0":{"loc":{"start":{"line":11,"column":4},"end":{"line":11,"column":87}},"type":"if","locations":[{"start":{"line":11,"column":4},"end":{"line":11,"column":87}},{"start":{"line":11,"column":4},"end":{"line":11,"column":87}}],"line":11},"1":{"loc":{"start":{"line":13,"column":4},"end":{"line":15,"column":6}},"type":"if","locations":[{"start":{"line":13,"column":4},"end":{"line":15,"column":6}},{"start":{"line":13,"column":4},"end":{"line":15,"column":6}}],"line":13},"2":{"loc":{"start":{"line":31,"column":4},"end":{"line":57,"column":5}},"type":"if","locations":[{"start":{"line":31,"column":4},"end":{"line":57,"column":5}},{"start":{"line":31,"column":4},"end":{"line":57,"column":5}}],"line":31}},"s":{"0":3,"1":3,"2":3,"3":3,"4":3,"5":2,"6":3,"7":3,"8":3,"9":8,"10":4,"11":3,"12":3,"13":1,"14":3,"15":8,"16":8,"17":8,"18":8,"19":3,"20":1,"21":1,"22":0,"23":0,"24":0,"25":0,"26":0,"27":0},"f":{"0":3,"1":8,"2":4,"3":1,"4":8,"5":1,"6":0,"7":0},"b":{"0":[2,1],"1":[3,0],"2":[1,0]},"_coverageSchema":"1a1c01bbd47fc00a2c39e90264f33305004495a9","hash":"99e1d7f9e512bc1711c2de9d1985f256e6f95bb2"}
,"/Users/jeremo/Documents/Formation OC/Projet 9/qwerew/Billed-app-FR-Front/src/containers/Dashboard.js": {"path":"/Users/jeremo/Documents/Formation OC/Projet 9/qwerew/Billed-app-FR-Front/src/containers/Dashboard.js","statementMap":{"0":{"start":{"line":8,"column":29},"end":{"line":28,"column":1}},"1":{"start":{"line":9,"column":2},"end":{"line":27,"column":11}},"2":{"start":{"line":14,"column":6},"end":{"line":24,"column":7}},"3":{"start":{"line":15,"column":8},"end":{"line":15,"column":50}},"4":{"start":{"line":26,"column":6},"end":{"line":26,"column":28}},"5":{"start":{"line":30,"column":20},"end":{"line":53,"column":1}},"6":{"start":{"line":31,"column":28},"end":{"line":31,"column":52}},"7":{"start":{"line":32,"column":20},"end":{"line":33,"column":40}},"8":{"start":{"line":34,"column":19},"end":{"line":35,"column":53}},"9":{"start":{"line":37,"column":2},"end":{"line":52,"column":4}},"10":{"start":{"line":55,"column":21},"end":{"line":60,"column":1}},"11":{"start":{"line":56,"column":2},"end":{"line":59,"column":3}},"12":{"start":{"line":57,"column":4},"end":{"line":57,"column":62}},"13":{"start":{"line":57,"column":25},"end":{"line":57,"column":60}},"14":{"start":{"line":58,"column":4},"end":{"line":58,"column":50}},"15":{"start":{"line":58,"column":29},"end":{"line":58,"column":39}},"16":{"start":{"line":64,"column":25},"end":{"line":73,"column":1}},"17":{"start":{"line":65,"column":2},"end":{"line":72,"column":3}},"18":{"start":{"line":67,"column":6},"end":{"line":67,"column":22}},"19":{"start":{"line":69,"column":6},"end":{"line":69,"column":23}},"20":{"start":{"line":71,"column":6},"end":{"line":71,"column":22}},"21":{"start":{"line":77,"column":4},"end":{"line":77,"column":28}},"22":{"start":{"line":78,"column":4},"end":{"line":78,"column":32}},"23":{"start":{"line":79,"column":4},"end":{"line":79,"column":22}},"24":{"start":{"line":80,"column":4},"end":{"line":80,"column":28}},"25":{"start":{"line":81,"column":4},"end":{"line":81,"column":71}},"26":{"start":{"line":81,"column":35},"end":{"line":81,"column":70}},"27":{"start":{"line":82,"column":4},"end":{"line":82,"column":71}},"28":{"start":{"line":82,"column":35},"end":{"line":82,"column":70}},"29":{"start":{"line":83,"column":4},"end":{"line":83,"column":71}},"30":{"start":{"line":83,"column":35},"end":{"line":83,"column":70}},"31":{"start":{"line":84,"column":4},"end":{"line":84,"column":44}},"32":{"start":{"line":87,"column":23},"end":{"line":92,"column":3}},"33":{"start":{"line":88,"column":20},"end":{"line":88,"column":58}},"34":{"start":{"line":89,"column":21},"end":{"line":89,"column":69}},"35":{"start":{"line":90,"column":4},"end":{"line":90,"column":144}},"36":{"start":{"line":91,"column":4},"end":{"line":91,"column":96}},"37":{"start":{"line":91,"column":60},"end":{"line":91,"column":96}},"38":{"start":{"line":96,"column":2},"end":{"line":104,"column":3}},"39":{"start":{"line":97,"column":4},"end":{"line":97,"column":32}},"40":{"start":{"line":99,"column":4},"end":{"line":101,"column":5}},"41":{"start":{"line":100,"column":6},"end":{"line":100,"column":46}},"42":{"start":{"line":102,"column":4},"end":{"line":102,"column":47}},"43":{"start":{"line":103,"column":4},"end":{"line":103,"column":28}},"44":{"start":{"line":105,"column":4},"end":{"line":118,"column":5}},"45":{"start":{"line":106,"column":6},"end":{"line":108,"column":9}},"46":{"start":{"line":107,"column":8},"end":{"line":107,"column":62}},"47":{"start":{"line":109,"column":6},"end":{"line":109,"column":63}},"48":{"start":{"line":110,"column":6},"end":{"line":110,"column":70}},"49":{"start":{"line":111,"column":6},"end":{"line":111,"column":53}},"50":{"start":{"line":113,"column":6},"end":{"line":113,"column":63}},"51":{"start":{"line":114,"column":6},"end":{"line":116,"column":9}},"52":{"start":{"line":117,"column":6},"end":{"line":117,"column":53}},"53":{"start":{"line":120,"column":4},"end":{"line":120,"column":52}},"54":{"start":{"line":121,"column":4},"end":{"line":121,"column":73}},"55":{"start":{"line":121,"column":39},"end":{"line":121,"column":71}},"56":{"start":{"line":122,"column":4},"end":{"line":122,"column":73}},"57":{"start":{"line":122,"column":39},"end":{"line":122,"column":71}},"58":{"start":{"line":126,"column":23},"end":{"line":134,"column":3}},"59":{"start":{"line":127,"column":20},"end":{"line":131,"column":5}},"60":{"start":{"line":132,"column":4},"end":{"line":132,"column":28}},"61":{"start":{"line":133,"column":4},"end":{"line":133,"column":45}},"62":{"start":{"line":136,"column":23},"end":{"line":144,"column":3}},"63":{"start":{"line":137,"column":20},"end":{"line":141,"column":5}},"64":{"start":{"line":142,"column":4},"end":{"line":142,"column":28}},"65":{"start":{"line":143,"column":4},"end":{"line":143,"column":45}},"66":{"start":{"line":149,"column":2},"end":{"line":149,"column":48}},"67":{"start":{"line":149,"column":32},"end":{"line":149,"column":48}},"68":{"start":{"line":150,"column":2},"end":{"line":150,"column":64}},"69":{"start":{"line":150,"column":39},"end":{"line":150,"column":64}},"70":{"start":{"line":153,"column":2},"end":{"line":153,"column":41}},"71":{"start":{"line":155,"column":2},"end":{"line":163,"column":3}},"72":{"start":{"line":156,"column":4},"end":{"line":156,"column":63}},"73":{"start":{"line":157,"column":4},"end":{"line":158,"column":59}},"74":{"start":{"line":160,"column":4},"end":{"line":160,"column":64}},"75":{"start":{"line":161,"column":4},"end":{"line":162,"column":16}},"76":{"start":{"line":164,"column":2},"end":{"line":166,"column":5}},"77":{"start":{"line":165,"column":4},"end":{"line":165,"column":88}},"78":{"start":{"line":165,"column":49},"end":{"line":165,"column":86}},"79":{"start":{"line":168,"column":2},"end":{"line":168,"column":15}},"80":{"start":{"line":171,"column":21},"end":{"line":190,"column":3}},"81":{"start":{"line":172,"column":4},"end":{"line":189,"column":5}},"82":{"start":{"line":173,"column":6},"end":{"line":188,"column":8}},"83":{"start":{"line":177,"column":22},"end":{"line":183,"column":11}},"84":{"start":{"line":178,"column":21},"end":{"line":183,"column":9}},"85":{"start":{"line":184,"column":8},"end":{"line":184,"column":20}},"86":{"start":{"line":187,"column":8},"end":{"line":187,"column":20}}},"fnMap":{"0":{"name":"(anonymous_0)","decl":{"start":{"line":8,"column":29},"end":{"line":8,"column":30}},"loc":{"start":{"line":8,"column":47},"end":{"line":28,"column":1}},"line":8},"1":{"name":"(anonymous_1)","decl":{"start":{"line":10,"column":16},"end":{"line":10,"column":17}},"loc":{"start":{"line":10,"column":24},"end":{"line":27,"column":5}},"line":10},"2":{"name":"(anonymous_2)","decl":{"start":{"line":30,"column":20},"end":{"line":30,"column":21}},"loc":{"start":{"line":30,"column":30},"end":{"line":53,"column":1}},"line":30},"3":{"name":"(anonymous_3)","decl":{"start":{"line":55,"column":21},"end":{"line":55,"column":22}},"loc":{"start":{"line":55,"column":32},"end":{"line":60,"column":1}},"line":55},"4":{"name":"(anonymous_4)","decl":{"start":{"line":57,"column":15},"end":{"line":57,"column":16}},"loc":{"start":{"line":57,"column":25},"end":{"line":57,"column":60}},"line":57},"5":{"name":"(anonymous_5)","decl":{"start":{"line":58,"column":21},"end":{"line":58,"column":22}},"loc":{"start":{"line":58,"column":29},"end":{"line":58,"column":39}},"line":58},"6":{"name":"(anonymous_6)","decl":{"start":{"line":64,"column":25},"end":{"line":64,"column":26}},"loc":{"start":{"line":64,"column":36},"end":{"line":73,"column":1}},"line":64},"7":{"name":"(anonymous_7)","decl":{"start":{"line":76,"column":2},"end":{"line":76,"column":3}},"loc":{"start":{"line":76,"column":68},"end":{"line":85,"column":3}},"line":76},"8":{"name":"(anonymous_8)","decl":{"start":{"line":81,"column":28},"end":{"line":81,"column":29}},"loc":{"start":{"line":81,"column":35},"end":{"line":81,"column":70}},"line":81},"9":{"name":"(anonymous_9)","decl":{"start":{"line":82,"column":28},"end":{"line":82,"column":29}},"loc":{"start":{"line":82,"column":35},"end":{"line":82,"column":70}},"line":82},"10":{"name":"(anonymous_10)","decl":{"start":{"line":83,"column":28},"end":{"line":83,"column":29}},"loc":{"start":{"line":83,"column":35},"end":{"line":83,"column":70}},"line":83},"11":{"name":"(anonymous_11)","decl":{"start":{"line":87,"column":23},"end":{"line":87,"column":24}},"loc":{"start":{"line":87,"column":29},"end":{"line":92,"column":3}},"line":87},"12":{"name":"(anonymous_12)","decl":{"start":{"line":94,"column":2},"end":{"line":94,"column":3}},"loc":{"start":{"line":94,"column":35},"end":{"line":123,"column":3}},"line":94},"13":{"name":"(anonymous_13)","decl":{"start":{"line":106,"column":20},"end":{"line":106,"column":21}},"loc":{"start":{"line":106,"column":25},"end":{"line":108,"column":7}},"line":106},"14":{"name":"(anonymous_14)","decl":{"start":{"line":121,"column":32},"end":{"line":121,"column":33}},"loc":{"start":{"line":121,"column":39},"end":{"line":121,"column":71}},"line":121},"15":{"name":"(anonymous_15)","decl":{"start":{"line":122,"column":32},"end":{"line":122,"column":33}},"loc":{"start":{"line":122,"column":39},"end":{"line":122,"column":71}},"line":122},"16":{"name":"(anonymous_16)","decl":{"start":{"line":126,"column":23},"end":{"line":126,"column":24}},"loc":{"start":{"line":126,"column":36},"end":{"line":134,"column":3}},"line":126},"17":{"name":"(anonymous_17)","decl":{"start":{"line":136,"column":23},"end":{"line":136,"column":24}},"loc":{"start":{"line":136,"column":36},"end":{"line":144,"column":3}},"line":136},"18":{"name":"(anonymous_18)","decl":{"start":{"line":146,"column":0},"end":{"line":146,"column":1}},"loc":{"start":{"line":146,"column":35},"end":{"line":169,"column":1}},"line":146},"19":{"name":"(anonymous_19)","decl":{"start":{"line":164,"column":16},"end":{"line":164,"column":17}},"loc":{"start":{"line":164,"column":24},"end":{"line":166,"column":3}},"line":164},"20":{"name":"(anonymous_20)","decl":{"start":{"line":165,"column":42},"end":{"line":165,"column":43}},"loc":{"start":{"line":165,"column":49},"end":{"line":165,"column":86}},"line":165},"21":{"name":"(anonymous_21)","decl":{"start":{"line":171,"column":21},"end":{"line":171,"column":22}},"loc":{"start":{"line":171,"column":27},"end":{"line":190,"column":3}},"line":171},"22":{"name":"(anonymous_22)","decl":{"start":{"line":176,"column":12},"end":{"line":176,"column":13}},"loc":{"start":{"line":176,"column":24},"end":{"line":185,"column":7}},"line":176},"23":{"name":"(anonymous_23)","decl":{"start":{"line":178,"column":13},"end":{"line":178,"column":14}},"loc":{"start":{"line":178,"column":21},"end":{"line":183,"column":9}},"line":178},"24":{"name":"(anonymous_24)","decl":{"start":{"line":186,"column":13},"end":{"line":186,"column":14}},"loc":{"start":{"line":186,"column":22},"end":{"line":188,"column":7}},"line":186}},"branchMap":{"0":{"loc":{"start":{"line":9,"column":9},"end":{"line":27,"column":11}},"type":"cond-expr","locations":[{"start":{"line":10,"column":4},"end":{"line":27,"column":6}},{"start":{"line":27,"column":9},"end":{"line":27,"column":11}}],"line":9},"1":{"loc":{"start":{"line":9,"column":10},"end":{"line":9,"column":29}},"type":"binary-expr","locations":[{"start":{"line":9,"column":10},"end":{"line":9,"column":14}},{"start":{"line":9,"column":18},"end":{"line":9,"column":29}}],"line":9},"2":{"loc":{"start":{"line":14,"column":6},"end":{"line":24,"column":7}},"type":"if","locations":[{"start":{"line":14,"column":6},"end":{"line":24,"column":7}},{"start":{"line":14,"column":6},"end":{"line":24,"column":7}}],"line":14},"3":{"loc":{"start":{"line":32,"column":20},"end":{"line":33,"column":40}},"type":"cond-expr","locations":[{"start":{"line":33,"column":4},"end":{"line":33,"column":35}},{"start":{"line":33,"column":38},"end":{"line":33,"column":40}}],"line":32},"4":{"loc":{"start":{"line":34,"column":19},"end":{"line":35,"column":53}},"type":"cond-expr","locations":[{"start":{"line":35,"column":2},"end":{"line":35,"column":33}},{"start":{"line":35,"column":36},"end":{"line":35,"column":53}}],"line":34},"5":{"loc":{"start":{"line":56,"column":2},"end":{"line":59,"column":3}},"type":"if","locations":[{"start":{"line":56,"column":2},"end":{"line":59,"column":3}},{"start":{"line":56,"column":2},"end":{"line":59,"column":3}}],"line":56},"6":{"loc":{"start":{"line":56,"column":6},"end":{"line":56,"column":27}},"type":"binary-expr","locations":[{"start":{"line":56,"column":6},"end":{"line":56,"column":11}},{"start":{"line":56,"column":15},"end":{"line":56,"column":27}}],"line":56},"7":{"loc":{"start":{"line":65,"column":2},"end":{"line":72,"column":3}},"type":"switch","locations":[{"start":{"line":66,"column":4},"end":{"line":67,"column":22}},{"start":{"line":68,"column":4},"end":{"line":69,"column":23}},{"start":{"line":70,"column":4},"end":{"line":71,"column":22}}],"line":65},"8":{"loc":{"start":{"line":91,"column":4},"end":{"line":91,"column":96}},"type":"if","locations":[{"start":{"line":91,"column":4},"end":{"line":91,"column":96}},{"start":{"line":91,"column":4},"end":{"line":91,"column":96}}],"line":91},"9":{"loc":{"start":{"line":96,"column":2},"end":{"line":104,"column":3}},"type":"if","locations":[{"start":{"line":96,"column":2},"end":{"line":104,"column":3}},{"start":{"line":96,"column":2},"end":{"line":104,"column":3}}],"line":96},"10":{"loc":{"start":{"line":96,"column":6},"end":{"line":96,"column":89}},"type":"binary-expr","locations":[{"start":{"line":96,"column":6},"end":{"line":96,"column":22}},{"start":{"line":96,"column":26},"end":{"line":96,"column":57}},{"start":{"line":96,"column":61},"end":{"line":96,"column":89}}],"line":96},"11":{"loc":{"start":{"line":99,"column":4},"end":{"line":101,"column":5}},"type":"if","locations":[{"start":{"line":99,"column":4},"end":{"line":101,"column":5}},{"start":{"line":99,"column":4},"end":{"line":101,"column":5}}],"line":99},"12":{"loc":{"start":{"line":99,"column":8},"end":{"line":99,"column":68}},"type":"binary-expr","locations":[{"start":{"line":99,"column":8},"end":{"line":99,"column":24}},{"start":{"line":99,"column":28},"end":{"line":99,"column":68}}],"line":99},"13":{"loc":{"start":{"line":105,"column":4},"end":{"line":118,"column":5}},"type":"if","locations":[{"start":{"line":105,"column":4},"end":{"line":118,"column":5}},{"start":{"line":105,"column":4},"end":{"line":118,"column":5}}],"line":105},"14":{"loc":{"start":{"line":149,"column":2},"end":{"line":149,"column":48}},"type":"if","locations":[{"start":{"line":149,"column":2},"end":{"line":149,"column":48}},{"start":{"line":149,"column":2},"end":{"line":149,"column":48}}],"line":149},"15":{"loc":{"start":{"line":150,"column":2},"end":{"line":150,"column":64}},"type":"if","locations":[{"start":{"line":150,"column":2},"end":{"line":150,"column":64}},{"start":{"line":150,"column":2},"end":{"line":150,"column":64}}],"line":150},"16":{"loc":{"start":{"line":155,"column":2},"end":{"line":163,"column":3}},"type":"if","locations":[{"start":{"line":155,"column":2},"end":{"line":163,"column":3}},{"start":{"line":155,"column":2},"end":{"line":163,"column":3}}],"line":155},"17":{"loc":{"start":{"line":172,"column":4},"end":{"line":189,"column":5}},"type":"if","locations":[{"start":{"line":172,"column":4},"end":{"line":189,"column":5}},{"start":{"line":172,"column":4},"end":{"line":189,"column":5}}],"line":172}},"s":{"0":6,"1":44,"2":104,"3":104,"4":104,"5":6,"6":6,"7":6,"8":6,"9":6,"10":6,"11":6,"12":5,"13":1,"14":5,"15":6,"16":6,"17":5,"18":3,"19":1,"20":1,"21":14,"22":14,"23":14,"24":14,"25":14,"26":0,"27":14,"28":0,"29":14,"30":0,"31":14,"32":14,"33":1,"34":1,"35":1,"36":1,"37":0,"38":3,"39":1,"40":2,"41":0,"42":2,"43":2,"44":3,"45":2,"46":8,"47":2,"48":2,"49":2,"50":1,"51":1,"52":1,"53":3,"54":3,"55":0,"56":3,"57":0,"58":14,"59":1,"60":1,"61":1,"62":14,"63":1,"64":1,"65":1,"66":5,"67":3,"68":5,"69":5,"70":5,"71":5,"72":5,"73":5,"74":0,"75":0,"76":5,"77":20,"78":3,"79":5,"80":14,"81":5,"82":5,"83":3,"84":12,"85":3,"86":2},"f":{"0":44,"1":104,"2":6,"3":6,"4":1,"5":6,"6":5,"7":14,"8":0,"9":0,"10":0,"11":1,"12":3,"13":8,"14":0,"15":0,"16":1,"17":1,"18":5,"19":20,"20":3,"21":5,"22":3,"23":12,"24":2},"b":{"0":[26,18],"1":[44,26],"2":[104,0],"3":[0,6],"4":[0,6],"5":[5,1],"6":[6,6],"7":[3,1,1],"8":[0,1],"9":[1,2],"10":[3,1,1],"11":[0,2],"12":[2,0],"13":[2,1],"14":[3,2],"15":[5,0],"16":[5,0],"17":[5,0]},"_coverageSchema":"1a1c01bbd47fc00a2c39e90264f33305004495a9","hash":"ad29e28823e18dbba465414fe002416487712cd7"}
,"/Users/jeremo/Documents/Formation OC/Projet 9/qwerew/Billed-app-FR-Front/src/containers/Login.js": {"path":"/Users/jeremo/Documents/Formation OC/Projet 9/qwerew/Billed-app-FR-Front/src/containers/Login.js","statementMap":{"0":{"start":{"line":3,"column":31},"end":{"line":3,"column":33}},"1":{"start":{"line":8,"column":4},"end":{"line":8,"column":28}},"2":{"start":{"line":9,"column":4},"end":{"line":9,"column":36}},"3":{"start":{"line":10,"column":4},"end":{"line":10,"column":32}},"4":{"start":{"line":11,"column":4},"end":{"line":11,"column":46}},"5":{"start":{"line":12,"column":4},"end":{"line":12,"column":22}},"6":{"start":{"line":13,"column":25},"end":{"line":13,"column":89}},"7":{"start":{"line":14,"column":4},"end":{"line":14,"column":70}},"8":{"start":{"line":15,"column":22},"end":{"line":15,"column":83}},"9":{"start":{"line":16,"column":4},"end":{"line":16,"column":64}},"10":{"start":{"line":18,"column":25},"end":{"line":38,"column":3}},"11":{"start":{"line":19,"column":4},"end":{"line":19,"column":22}},"12":{"start":{"line":20,"column":17},"end":{"line":25,"column":5}},"13":{"start":{"line":26,"column":4},"end":{"line":26,"column":59}},"14":{"start":{"line":27,"column":4},"end":{"line":36,"column":8}},"15":{"start":{"line":29,"column":17},"end":{"line":29,"column":38}},"16":{"start":{"line":32,"column":8},"end":{"line":32,"column":45}},"17":{"start":{"line":33,"column":8},"end":{"line":33,"column":53}},"18":{"start":{"line":34,"column":8},"end":{"line":34,"column":50}},"19":{"start":{"line":35,"column":8},"end":{"line":35,"column":55}},"20":{"start":{"line":40,"column":22},"end":{"line":59,"column":3}},"21":{"start":{"line":41,"column":4},"end":{"line":41,"column":22}},"22":{"start":{"line":42,"column":17},"end":{"line":47,"column":5}},"23":{"start":{"line":48,"column":4},"end":{"line":48,"column":59}},"24":{"start":{"line":49,"column":4},"end":{"line":58,"column":8}},"25":{"start":{"line":51,"column":17},"end":{"line":51,"column":38}},"26":{"start":{"line":54,"column":8},"end":{"line":54,"column":49}},"27":{"start":{"line":55,"column":8},"end":{"line":55,"column":57}},"28":{"start":{"line":56,"column":8},"end":{"line":56,"column":50}},"29":{"start":{"line":57,"column":8},"end":{"line":57,"column":50}},"30":{"start":{"line":62,"column":10},"end":{"line":74,"column":3}},"31":{"start":{"line":63,"column":4},"end":{"line":73,"column":5}},"32":{"start":{"line":64,"column":6},"end":{"line":70,"column":8}},"33":{"start":{"line":69,"column":8},"end":{"line":69,"column":40}},"34":{"start":{"line":72,"column":6},"end":{"line":72,"column":17}},"35":{"start":{"line":77,"column":15},"end":{"line":94,"column":3}},"36":{"start":{"line":78,"column":4},"end":{"line":93,"column":5}},"37":{"start":{"line":79,"column":6},"end":{"line":90,"column":8}},"38":{"start":{"line":88,"column":8},"end":{"line":88,"column":57}},"39":{"start":{"line":89,"column":8},"end":{"line":89,"column":31}},"40":{"start":{"line":92,"column":6},"end":{"line":92,"column":17}}},"fnMap":{"0":{"name":"(anonymous_0)","decl":{"start":{"line":7,"column":2},"end":{"line":7,"column":3}},"loc":{"start":{"line":7,"column":80},"end":{"line":17,"column":3}},"line":7},"1":{"name":"(anonymous_1)","decl":{"start":{"line":18,"column":25},"end":{"line":18,"column":26}},"loc":{"start":{"line":18,"column":30},"end":{"line":38,"column":3}},"line":18},"2":{"name":"(anonymous_2)","decl":{"start":{"line":29,"column":8},"end":{"line":29,"column":9}},"loc":{"start":{"line":29,"column":17},"end":{"line":29,"column":38}},"line":29},"3":{"name":"(anonymous_3)","decl":{"start":{"line":31,"column":12},"end":{"line":31,"column":13}},"loc":{"start":{"line":31,"column":18},"end":{"line":36,"column":7}},"line":31},"4":{"name":"(anonymous_4)","decl":{"start":{"line":40,"column":22},"end":{"line":40,"column":23}},"loc":{"start":{"line":40,"column":27},"end":{"line":59,"column":3}},"line":40},"5":{"name":"(anonymous_5)","decl":{"start":{"line":51,"column":8},"end":{"line":51,"column":9}},"loc":{"start":{"line":51,"column":17},"end":{"line":51,"column":38}},"line":51},"6":{"name":"(anonymous_6)","decl":{"start":{"line":53,"column":12},"end":{"line":53,"column":13}},"loc":{"start":{"line":53,"column":18},"end":{"line":58,"column":7}},"line":53},"7":{"name":"(anonymous_7)","decl":{"start":{"line":62,"column":10},"end":{"line":62,"column":11}},"loc":{"start":{"line":62,"column":20},"end":{"line":74,"column":3}},"line":62},"8":{"name":"(anonymous_8)","decl":{"start":{"line":68,"column":15},"end":{"line":68,"column":16}},"loc":{"start":{"line":68,"column":26},"end":{"line":70,"column":7}},"line":68},"9":{"name":"(anonymous_9)","decl":{"start":{"line":77,"column":15},"end":{"line":77,"column":16}},"loc":{"start":{"line":77,"column":25},"end":{"line":94,"column":3}},"line":77},"10":{"name":"(anonymous_10)","decl":{"start":{"line":87,"column":12},"end":{"line":87,"column":13}},"loc":{"start":{"line":87,"column":18},"end":{"line":90,"column":7}},"line":87}},"branchMap":{"0":{"loc":{"start":{"line":63,"column":4},"end":{"line":73,"column":5}},"type":"if","locations":[{"start":{"line":63,"column":4},"end":{"line":73,"column":5}},{"start":{"line":63,"column":4},"end":{"line":73,"column":5}}],"line":63},"1":{"loc":{"start":{"line":78,"column":4},"end":{"line":93,"column":5}},"type":"if","locations":[{"start":{"line":78,"column":4},"end":{"line":93,"column":5}},{"start":{"line":78,"column":4},"end":{"line":93,"column":5}}],"line":78}},"s":{"0":3,"1":4,"2":4,"3":4,"4":4,"5":4,"6":4,"7":4,"8":4,"9":4,"10":4,"11":2,"12":2,"13":2,"14":2,"15":0,"16":2,"17":2,"18":2,"19":2,"20":4,"21":2,"22":2,"23":2,"24":2,"25":0,"26":2,"27":2,"28":2,"29":2,"30":4,"31":0,"32":0,"33":0,"34":0,"35":4,"36":0,"37":0,"38":0,"39":0,"40":0},"f":{"0":4,"1":2,"2":0,"3":2,"4":2,"5":0,"6":2,"7":0,"8":0,"9":0,"10":0},"b":{"0":[0,0],"1":[0,0]},"_coverageSchema":"1a1c01bbd47fc00a2c39e90264f33305004495a9","hash":"96a50d0e9f4445be186897d4f737624fa4e066be"}
,"/Users/jeremo/Documents/Formation OC/Projet 9/qwerew/Billed-app-FR-Front/src/containers/Logout.js": {"path":"/Users/jeremo/Documents/Formation OC/Projet 9/qwerew/Billed-app-FR-Front/src/containers/Logout.js","statementMap":{"0":{"start":{"line":5,"column":4},"end":{"line":5,"column":28}},"1":{"start":{"line":6,"column":4},"end":{"line":6,"column":32}},"2":{"start":{"line":7,"column":4},"end":{"line":7,"column":36}},"3":{"start":{"line":8,"column":4},"end":{"line":8,"column":51}},"4":{"start":{"line":11,"column":16},"end":{"line":14,"column":3}},"5":{"start":{"line":12,"column":4},"end":{"line":12,"column":29}},"6":{"start":{"line":13,"column":4},"end":{"line":13,"column":41}}},"fnMap":{"0":{"name":"(anonymous_0)","decl":{"start":{"line":4,"column":2},"end":{"line":4,"column":3}},"loc":{"start":{"line":4,"column":54},"end":{"line":9,"column":3}},"line":4},"1":{"name":"(anonymous_1)","decl":{"start":{"line":11,"column":16},"end":{"line":11,"column":17}},"loc":{"start":{"line":11,"column":23},"end":{"line":14,"column":3}},"line":11}},"branchMap":{},"s":{"0":18,"1":18,"2":18,"3":18,"4":18,"5":2,"6":2},"f":{"0":18,"1":2},"b":{},"_coverageSchema":"1a1c01bbd47fc00a2c39e90264f33305004495a9","hash":"4ffc38540c4f48f16ff2ab244e46064e2de82595"}
,"/Users/jeremo/Documents/Formation OC/Projet 9/qwerew/Billed-app-FR-Front/src/containers/NewBill.js": {"path":"/Users/jeremo/Documents/Formation OC/Projet 9/qwerew/Billed-app-FR-Front/src/containers/NewBill.js","statementMap":{"0":{"start":{"line":6,"column":4},"end":{"line":6,"column":28}},"1":{"start":{"line":7,"column":4},"end":{"line":7,"column":32}},"2":{"start":{"line":8,"column":4},"end":{"line":8,"column":22}},"3":{"start":{"line":9,"column":24},"end":{"line":9,"column":88}},"4":{"start":{"line":10,"column":4},"end":{"line":10,"column":61}},"5":{"start":{"line":11,"column":17},"end":{"line":11,"column":73}},"6":{"start":{"line":12,"column":4},"end":{"line":12,"column":58}},"7":{"start":{"line":13,"column":4},"end":{"line":13,"column":23}},"8":{"start":{"line":14,"column":4},"end":{"line":14,"column":24}},"9":{"start":{"line":15,"column":4},"end":{"line":15,"column":22}},"10":{"start":{"line":16,"column":4},"end":{"line":16,"column":54}},"11":{"start":{"line":18,"column":21},"end":{"line":50,"column":3}},"12":{"start":{"line":19,"column":4},"end":{"line":19,"column":22}},"13":{"start":{"line":20,"column":17},"end":{"line":20,"column":82}},"14":{"start":{"line":21,"column":21},"end":{"line":21,"column":48}},"15":{"start":{"line":22,"column":21},"end":{"line":22,"column":48}},"16":{"start":{"line":25,"column":28},"end":{"line":25,"column":50}},"17":{"start":{"line":26,"column":26},"end":{"line":26,"column":65}},"18":{"start":{"line":27,"column":4},"end":{"line":27,"column":21}},"19":{"start":{"line":28,"column":4},"end":{"line":31,"column":5}},"20":{"start":{"line":29,"column":6},"end":{"line":29,"column":70}},"21":{"start":{"line":30,"column":6},"end":{"line":30,"column":13}},"22":{"start":{"line":32,"column":21},"end":{"line":32,"column":35}},"23":{"start":{"line":33,"column":18},"end":{"line":33,"column":64}},"24":{"start":{"line":34,"column":4},"end":{"line":34,"column":33}},"25":{"start":{"line":35,"column":4},"end":{"line":35,"column":35}},"26":{"start":{"line":37,"column":4},"end":{"line":49,"column":45}},"27":{"start":{"line":46,"column":8},"end":{"line":46,"column":25}},"28":{"start":{"line":47,"column":8},"end":{"line":47,"column":30}},"29":{"start":{"line":48,"column":8},"end":{"line":48,"column":32}},"30":{"start":{"line":49,"column":24},"end":{"line":49,"column":44}},"31":{"start":{"line":51,"column":17},"end":{"line":70,"column":3}},"32":{"start":{"line":52,"column":4},"end":{"line":52,"column":22}},"33":{"start":{"line":53,"column":4},"end":{"line":53,"column":147}},"34":{"start":{"line":54,"column":18},"end":{"line":54,"column":64}},"35":{"start":{"line":55,"column":17},"end":{"line":67,"column":5}},"36":{"start":{"line":68,"column":4},"end":{"line":68,"column":25}},"37":{"start":{"line":69,"column":4},"end":{"line":69,"column":41}},"38":{"start":{"line":73,"column":15},"end":{"line":83,"column":3}},"39":{"start":{"line":74,"column":4},"end":{"line":82,"column":5}},"40":{"start":{"line":75,"column":6},"end":{"line":81,"column":43}},"41":{"start":{"line":79,"column":8},"end":{"line":79,"column":45}},"42":{"start":{"line":81,"column":22},"end":{"line":81,"column":42}}},"fnMap":{"0":{"name":"(anonymous_0)","decl":{"start":{"line":5,"column":2},"end":{"line":5,"column":3}},"loc":{"start":{"line":5,"column":61},"end":{"line":17,"column":3}},"line":5},"1":{"name":"(anonymous_1)","decl":{"start":{"line":18,"column":21},"end":{"line":18,"column":22}},"loc":{"start":{"line":18,"column":26},"end":{"line":50,"column":3}},"line":18},"2":{"name":"(anonymous_2)","decl":{"start":{"line":45,"column":12},"end":{"line":45,"column":13}},"loc":{"start":{"line":45,"column":32},"end":{"line":49,"column":7}},"line":45},"3":{"name":"(anonymous_3)","decl":{"start":{"line":49,"column":15},"end":{"line":49,"column":16}},"loc":{"start":{"line":49,"column":24},"end":{"line":49,"column":44}},"line":49},"4":{"name":"(anonymous_4)","decl":{"start":{"line":51,"column":17},"end":{"line":51,"column":18}},"loc":{"start":{"line":51,"column":22},"end":{"line":70,"column":3}},"line":51},"5":{"name":"(anonymous_5)","decl":{"start":{"line":73,"column":15},"end":{"line":73,"column":16}},"loc":{"start":{"line":73,"column":25},"end":{"line":83,"column":3}},"line":73},"6":{"name":"(anonymous_6)","decl":{"start":{"line":78,"column":12},"end":{"line":78,"column":13}},"loc":{"start":{"line":78,"column":18},"end":{"line":80,"column":7}},"line":78},"7":{"name":"(anonymous_7)","decl":{"start":{"line":81,"column":13},"end":{"line":81,"column":14}},"loc":{"start":{"line":81,"column":22},"end":{"line":81,"column":42}},"line":81}},"branchMap":{"0":{"loc":{"start":{"line":28,"column":4},"end":{"line":31,"column":5}},"type":"if","locations":[{"start":{"line":28,"column":4},"end":{"line":31,"column":5}},{"start":{"line":28,"column":4},"end":{"line":31,"column":5}}],"line":28},"1":{"loc":{"start":{"line":62,"column":11},"end":{"line":62,"column":83}},"type":"binary-expr","locations":[{"start":{"line":62,"column":11},"end":{"line":62,"column":77}},{"start":{"line":62,"column":81},"end":{"line":62,"column":83}}],"line":62},"2":{"loc":{"start":{"line":74,"column":4},"end":{"line":82,"column":5}},"type":"if","locations":[{"start":{"line":74,"column":4},"end":{"line":82,"column":5}},{"start":{"line":74,"column":4},"end":{"line":82,"column":5}}],"line":74}},"s":{"0":0,"1":0,"2":0,"3":0,"4":0,"5":0,"6":0,"7":0,"8":0,"9":0,"10":0,"11":0,"12":0,"13":0,"14":0,"15":0,"16":0,"17":0,"18":0,"19":0,"20":0,"21":0,"22":0,"23":0,"24":0,"25":0,"26":0,"27":0,"28":0,"29":0,"30":0,"31":0,"32":0,"33":0,"34":0,"35":0,"36":0,"37":0,"38":0,"39":0,"40":0,"41":0,"42":0},"f":{"0":0,"1":0,"2":0,"3":0,"4":0,"5":0,"6":0,"7":0},"b":{"0":[0,0],"1":[0,0],"2":[0,0]},"_coverageSchema":"1a1c01bbd47fc00a2c39e90264f33305004495a9","hash":"9d05e782f8d4c7493a5826e34e9c0eee69749471"}
,"/Users/jeremo/Documents/Formation OC/Projet 9/qwerew/Billed-app-FR-Front/src/views/Actions.js": {"path":"/Users/jeremo/Documents/Formation OC/Projet 9/qwerew/Billed-app-FR-Front/src/views/Actions.js","statementMap":{"0":{"start":{"line":5,"column":2},"end":{"line":11,"column":3}}},"fnMap":{"0":{"name":"(anonymous_0)","decl":{"start":{"line":4,"column":15},"end":{"line":4,"column":16}},"loc":{"start":{"line":4,"column":28},"end":{"line":12,"column":1}},"line":4}},"branchMap":{},"s":{"0":14},"f":{"0":14},"b":{},"_coverageSchema":"1a1c01bbd47fc00a2c39e90264f33305004495a9","hash":"c94241a4ccb3fb3350e42875bb26e314a63b0346"}
,"/Users/jeremo/Documents/Formation OC/Projet 9/qwerew/Billed-app-FR-Front/src/views/BillsUI.js": {"path":"/Users/jeremo/Documents/Formation OC/Projet 9/qwerew/Billed-app-FR-Front/src/views/BillsUI.js","statementMap":{"0":{"start":{"line":7,"column":12},"end":{"line":20,"column":3}},"1":{"start":{"line":8,"column":2},"end":{"line":19,"column":6}},"2":{"start":{"line":22,"column":13},"end":{"line":29,"column":1}},"3":{"start":{"line":23,"column":2},"end":{"line":28,"column":8}},"4":{"start":{"line":25,"column":24},"end":{"line":25,"column":59}},"5":{"start":{"line":26,"column":21},"end":{"line":26,"column":30}},"6":{"start":{"line":33,"column":16},"end":{"line":48,"column":4}},"7":{"start":{"line":33,"column":23},"end":{"line":48,"column":3}},"8":{"start":{"line":50,"column":2},"end":{"line":54,"column":3}},"9":{"start":{"line":51,"column":4},"end":{"line":51,"column":24}},"10":{"start":{"line":52,"column":9},"end":{"line":54,"column":3}},"11":{"start":{"line":53,"column":4},"end":{"line":53,"column":27}},"12":{"start":{"line":56,"column":2},"end":{"line":84,"column":3}}},"fnMap":{"0":{"name":"(anonymous_0)","decl":{"start":{"line":7,"column":12},"end":{"line":7,"column":13}},"loc":{"start":{"line":7,"column":22},"end":{"line":20,"column":3}},"line":7},"1":{"name":"(anonymous_1)","decl":{"start":{"line":22,"column":13},"end":{"line":22,"column":14}},"loc":{"start":{"line":22,"column":23},"end":{"line":29,"column":1}},"line":22},"2":{"name":"(anonymous_2)","decl":{"start":{"line":25,"column":14},"end":{"line":25,"column":15}},"loc":{"start":{"line":25,"column":24},"end":{"line":25,"column":59}},"line":25},"3":{"name":"(anonymous_3)","decl":{"start":{"line":26,"column":13},"end":{"line":26,"column":14}},"loc":{"start":{"line":26,"column":21},"end":{"line":26,"column":30}},"line":26},"4":{"name":"(anonymous_4)","decl":{"start":{"line":31,"column":15},"end":{"line":31,"column":16}},"loc":{"start":{"line":31,"column":52},"end":{"line":85,"column":1}},"line":31},"5":{"name":"(anonymous_5)","decl":{"start":{"line":33,"column":16},"end":{"line":33,"column":17}},"loc":{"start":{"line":33,"column":23},"end":{"line":48,"column":3}},"line":33}},"branchMap":{"0":{"loc":{"start":{"line":23,"column":9},"end":{"line":28,"column":8}},"type":"cond-expr","locations":[{"start":{"line":24,"column":6},"end":{"line":27,"column":17}},{"start":{"line":28,"column":6},"end":{"line":28,"column":8}}],"line":23},"1":{"loc":{"start":{"line":23,"column":10},"end":{"line":23,"column":29}},"type":"binary-expr","locations":[{"start":{"line":23,"column":10},"end":{"line":23,"column":14}},{"start":{"line":23,"column":18},"end":{"line":23,"column":29}}],"line":23},"2":{"loc":{"start":{"line":50,"column":2},"end":{"line":54,"column":3}},"type":"if","locations":[{"start":{"line":50,"column":2},"end":{"line":54,"column":3}},{"start":{"line":50,"column":2},"end":{"line":54,"column":3}}],"line":50},"3":{"loc":{"start":{"line":52,"column":9},"end":{"line":54,"column":3}},"type":"if","locations":[{"start":{"line":52,"column":9},"end":{"line":54,"column":3}},{"start":{"line":52,"column":9},"end":{"line":54,"column":3}}],"line":52}},"s":{"0":6,"1":12,"2":6,"3":6,"4":12,"5":12,"6":8,"7":6,"8":8,"9":1,"10":7,"11":1,"12":6},"f":{"0":12,"1":6,"2":12,"3":12,"4":8,"5":6},"b":{"0":[3,3],"1":[6,4],"2":[1,7],"3":[1,6]},"_coverageSchema":"1a1c01bbd47fc00a2c39e90264f33305004495a9","hash":"337e921c8aae0b93d7cf9708d0dac5772c549c68"}
,"/Users/jeremo/Documents/Formation OC/Projet 9/qwerew/Billed-app-FR-Front/src/views/DashboardFormUI.js": {"path":"/Users/jeremo/Documents/Formation OC/Projet 9/qwerew/Billed-app-FR-Front/src/views/DashboardFormUI.js","statementMap":{"0":{"start":{"line":7,"column":21},"end":{"line":22,"column":4}},"1":{"start":{"line":7,"column":28},"end":{"line":22,"column":3}},"2":{"start":{"line":26,"column":2},"end":{"line":101,"column":4}}},"fnMap":{"0":{"name":"(anonymous_0)","decl":{"start":{"line":7,"column":21},"end":{"line":7,"column":22}},"loc":{"start":{"line":7,"column":28},"end":{"line":22,"column":3}},"line":7},"1":{"name":"(anonymous_1)","decl":{"start":{"line":24,"column":15},"end":{"line":24,"column":16}},"loc":{"start":{"line":24,"column":25},"end":{"line":102,"column":1}},"line":24}},"branchMap":{"0":{"loc":{"start":{"line":79,"column":9},"end":{"line":89,"column":9}},"type":"cond-expr","locations":[{"start":{"line":79,"column":38},"end":{"line":84,"column":8}},{"start":{"line":84,"column":13},"end":{"line":89,"column":8}}],"line":79},"1":{"loc":{"start":{"line":92,"column":8},"end":{"line":97,"column":13}},"type":"cond-expr","locations":[{"start":{"line":92,"column":37},"end":{"line":97,"column":7}},{"start":{"line":97,"column":11},"end":{"line":97,"column":13}}],"line":92}},"s":{"0":7,"1":9,"2":9},"f":{"0":9,"1":9},"b":{"0":[6,3],"1":[6,3]},"_coverageSchema":"1a1c01bbd47fc00a2c39e90264f33305004495a9","hash":"cf799168075b8981638f6ae0ced4be3ff808c69c"}
,"/Users/jeremo/Documents/Formation OC/Projet 9/qwerew/Billed-app-FR-Front/src/views/DashboardUI.js": {"path":"/Users/jeremo/Documents/Formation OC/Projet 9/qwerew/Billed-app-FR-Front/src/views/DashboardUI.js","statementMap":{"0":{"start":{"line":10,"column":2},"end":{"line":14,"column":3}},"1":{"start":{"line":11,"column":4},"end":{"line":11,"column":24}},"2":{"start":{"line":12,"column":9},"end":{"line":14,"column":3}},"3":{"start":{"line":13,"column":4},"end":{"line":13,"column":27}},"4":{"start":{"line":16,"column":2},"end":{"line":48,"column":3}}},"fnMap":{"0":{"name":"(anonymous_0)","decl":{"start":{"line":8,"column":15},"end":{"line":8,"column":16}},"loc":{"start":{"line":8,"column":45},"end":{"line":49,"column":1}},"line":8}},"branchMap":{"0":{"loc":{"start":{"line":10,"column":2},"end":{"line":14,"column":3}},"type":"if","locations":[{"start":{"line":10,"column":2},"end":{"line":14,"column":3}},{"start":{"line":10,"column":2},"end":{"line":14,"column":3}}],"line":10},"1":{"loc":{"start":{"line":12,"column":9},"end":{"line":14,"column":3}},"type":"if","locations":[{"start":{"line":12,"column":9},"end":{"line":14,"column":3}},{"start":{"line":12,"column":9},"end":{"line":14,"column":3}}],"line":12},"2":{"loc":{"start":{"line":22,"column":45},"end":{"line":22,"column":63}},"type":"binary-expr","locations":[{"start":{"line":22,"column":45},"end":{"line":22,"column":49}},{"start":{"line":22,"column":53},"end":{"line":22,"column":63}}],"line":22},"3":{"loc":{"start":{"line":29,"column":43},"end":{"line":29,"column":61}},"type":"binary-expr","locations":[{"start":{"line":29,"column":43},"end":{"line":29,"column":47}},{"start":{"line":29,"column":51},"end":{"line":29,"column":61}}],"line":29},"4":{"loc":{"start":{"line":36,"column":43},"end":{"line":36,"column":61}},"type":"binary-expr","locations":[{"start":{"line":36,"column":43},"end":{"line":36,"column":47}},{"start":{"line":36,"column":51},"end":{"line":36,"column":61}}],"line":36}},"s":{"0":21,"1":6,"2":15,"3":3,"4":12},"f":{"0":21},"b":{"0":[6,15],"1":[3,12],"2":[12,7],"3":[12,7],"4":[12,7]},"_coverageSchema":"1a1c01bbd47fc00a2c39e90264f33305004495a9","hash":"30a4783325cadf51672f64e2cf0567e686a29233"}
,"/Users/jeremo/Documents/Formation OC/Projet 9/qwerew/Billed-app-FR-Front/src/views/ErrorPage.js": {"path":"/Users/jeremo/Documents/Formation OC/Projet 9/qwerew/Billed-app-FR-Front/src/views/ErrorPage.js","statementMap":{"0":{"start":{"line":4,"column":2},"end":{"line":15,"column":3}}},"fnMap":{"0":{"name":"(anonymous_0)","decl":{"start":{"line":3,"column":15},"end":{"line":3,"column":16}},"loc":{"start":{"line":3,"column":26},"end":{"line":16,"column":1}},"line":3}},"branchMap":{"0":{"loc":{"start":{"line":12,"column":12},"end":{"line":12,"column":30}},"type":"cond-expr","locations":[{"start":{"line":12,"column":20},"end":{"line":12,"column":25}},{"start":{"line":12,"column":28},"end":{"line":12,"column":30}}],"line":12}},"s":{"0":6},"f":{"0":6},"b":{"0":[5,1]},"_coverageSchema":"1a1c01bbd47fc00a2c39e90264f33305004495a9","hash":"18a840d5c18c5ff01849105686ed20f279fe8be0"}
,"/Users/jeremo/Documents/Formation OC/Projet 9/qwerew/Billed-app-FR-Front/src/views/LoadingPage.js": {"path":"/Users/jeremo/Documents/Formation OC/Projet 9/qwerew/Billed-app-FR-Front/src/views/LoadingPage.js","statementMap":{"0":{"start":{"line":5,"column":2},"end":{"line":12,"column":3}}},"fnMap":{"0":{"name":"(anonymous_0)","decl":{"start":{"line":3,"column":15},"end":{"line":3,"column":16}},"loc":{"start":{"line":3,"column":21},"end":{"line":13,"column":1}},"line":3}},"branchMap":{},"s":{"0":8},"f":{"0":8},"b":{},"_coverageSchema":"1a1c01bbd47fc00a2c39e90264f33305004495a9","hash":"feb6bb8ad0fdb154ef398ef26ee1b8bf5e9f7cf4"}
,"/Users/jeremo/Documents/Formation OC/Projet 9/qwerew/Billed-app-FR-Front/src/views/LoginUI.js": {"path":"/Users/jeremo/Documents/Formation OC/Projet 9/qwerew/Billed-app-FR-Front/src/views/LoginUI.js","statementMap":{"0":{"start":{"line":4,"column":2},"end":{"line":46,"column":4}}},"fnMap":{"0":{"name":"(anonymous_0)","decl":{"start":{"line":2,"column":15},"end":{"line":2,"column":16}},"loc":{"start":{"line":2,"column":21},"end":{"line":47,"column":1}},"line":2}},"branchMap":{},"s":{"0":14},"f":{"0":14},"b":{},"_coverageSchema":"1a1c01bbd47fc00a2c39e90264f33305004495a9","hash":"ce4f4ab1873e69df6661537eade891e6a0a93992"}
,"/Users/jeremo/Documents/Formation OC/Projet 9/qwerew/Billed-app-FR-Front/src/views/NewBillUI.js": {"path":"/Users/jeremo/Documents/Formation OC/Projet 9/qwerew/Billed-app-FR-Front/src/views/NewBillUI.js","statementMap":{"0":{"start":{"line":5,"column":2},"end":{"line":73,"column":4}}},"fnMap":{"0":{"name":"(anonymous_0)","decl":{"start":{"line":3,"column":15},"end":{"line":3,"column":16}},"loc":{"start":{"line":3,"column":21},"end":{"line":74,"column":1}},"line":3}},"branchMap":{},"s":{"0":3},"f":{"0":3},"b":{},"_coverageSchema":"1a1c01bbd47fc00a2c39e90264f33305004495a9","hash":"634575c11f47881344018da0342f6cd1661d26f4"}
,"/Users/jeremo/Documents/Formation OC/Projet 9/qwerew/Billed-app-FR-Front/src/views/VerticalLayout.js": {"path":"/Users/jeremo/Documents/Formation OC/Projet 9/qwerew/Billed-app-FR-Front/src/views/VerticalLayout.js","statementMap":{"0":{"start":{"line":7,"column":4},"end":{"line":7,"column":51}},"1":{"start":{"line":8,"column":4},"end":{"line":10,"column":5}},"2":{"start":{"line":9,"column":6},"end":{"line":9,"column":29}},"3":{"start":{"line":11,"column":4},"end":{"line":39,"column":5}},"4":{"start":{"line":12,"column":6},"end":{"line":27,"column":7}},"5":{"start":{"line":29,"column":6},"end":{"line":38,"column":7}}},"fnMap":{"0":{"name":"(anonymous_0)","decl":{"start":{"line":5,"column":15},"end":{"line":5,"column":16}},"loc":{"start":{"line":5,"column":27},"end":{"line":40,"column":1}},"line":5}},"branchMap":{"0":{"loc":{"start":{"line":8,"column":4},"end":{"line":10,"column":5}},"type":"if","locations":[{"start":{"line":8,"column":4},"end":{"line":10,"column":5}},{"start":{"line":8,"column":4},"end":{"line":10,"column":5}}],"line":8},"1":{"loc":{"start":{"line":11,"column":4},"end":{"line":39,"column":5}},"type":"if","locations":[{"start":{"line":11,"column":4},"end":{"line":39,"column":5}},{"start":{"line":11,"column":4},"end":{"line":39,"column":5}}],"line":11},"2":{"loc":{"start":{"line":11,"column":8},"end":{"line":11,"column":40}},"type":"binary-expr","locations":[{"start":{"line":11,"column":8},"end":{"line":11,"column":12}},{"start":{"line":11,"column":16},"end":{"line":11,"column":40}}],"line":11}},"s":{"0":36,"1":36,"2":23,"3":36,"4":7,"5":29},"f":{"0":36},"b":{"0":[23,13],"1":[7,29],"2":[36,23]},"_coverageSchema":"1a1c01bbd47fc00a2c39e90264f33305004495a9","hash":"f39b2c855778b88e6fc1ada90d26494862dd7ae2"}
}
